30.000
24.500
19.000
13.500
8.000
2.500
357.000
351.500
346.000
340.500
335.000
329.500
324.000
318.500
313.000
307.500
302.000
296.500
291.000
285.500
280.000
274.500
269.000
263.500
258.000
252.500
247.000
241.500
236.000
230.500
225.000
219.500
214.000
208.500
203.000
197.500
192.000
186.500
181.000
175.500
170.000
164.500
159.000
153.500
148.000
142.500
137.000
131.500
126.000
120.500
115.000
109.500
104.000
98.500
93.000
87.500
82.000
76.500
71.000
65.500
60.000
54.500
49.000
43.500
38.000
32.500
27.000
21.500
16.000
10.500
5.000
359.500
354.000
348.500
343.000
337.500
332.000
326.500
321.000
315.500
310.000
304.500
299.000
293.500
288.000
282.500
277.000
271.500
266.000
260.500
255.000
249.500
244.000
238.500
233.000
227.500
222.000
216.500
211.000
205.500
200.000
194.500
189.000
183.500
178.000
172.500
167.000
161.500
156.000
150.500
145.000
139.500
134.000
128.500
123.000
117.500
112.000
106.500
101.000
95.500
90.000
84.500
79.000
73.500
68.000
62.500
57.000
51.500
46.000
40.500
35.000
29.500
24.000
18.500
13.000
7.500
2.000
356.500
351.000
345.500
340.000
334.500
329.000
323.500
318.000
312.500
307.000
301.500
296.000
290.500
285.000
279.500
274.000
268.500
263.000
257.500
252.000
246.500
241.000
235.500
230.000
224.500
219.000
213.500
208.000
202.500
197.000
191.500
186.000
180.500
175.000
169.500
164.000
158.500
153.000
147.500
142.000
136.500
131.000
125.500
120.000
114.500
109.000
103.500
98.000
92.500
87.000
81.500
76.000
70.500
65.000
59.500
54.000
48.500
43.000
37.500
32.000
26.500
21.000
15.500
10.000
4.500
359.000
353.500
348.000
342.500
337.000
331.500
326.000
320.500
315.000
309.500
304.000
298.500
293.000
287.500
282.000
276.500
271.000
265.500
260.000
254.500
249.000
243.500
238.000
232.500
227.000
221.500
216.000
210.500
205.000
199.500
194.000
188.500
183.000
177.500
172.000
166.500
161.000
155.500
150.000
144.500
139.000
133.500
128.000
122.500
117.000
111.500
106.000
100.500
95.000
89.500
84.000
78.500
73.000
67.500
62.000
56.500
51.000
45.500
40.000
34.500
29.000
23.500
18.000
12.500
7.000
1.500
356.000
350.500
345.000
339.500
334.000
328.500
323.000
317.500
312.000
306.500
301.000
295.500
290.000
284.500
279.000
273.500
268.000
262.500
257.000
251.500
246.000
240.500
235.000
229.500
224.000
218.500
213.000
207.500
202.000
196.500
191.000
185.500
180.000
174.500
169.000
163.500
158.000
152.500
147.000
141.500
136.000
130.500
125.000
119.500
114.000
108.500
103.000
97.500
92.000
86.500
81.000
75.500
70.000
64.500
59.000
53.500
48.000
42.500
37.000
31.500
26.000
20.500
15.000
9.500
4.000
358.500
353.000
347.500
342.000
336.500
331.000
325.500
320.000
314.500
309.000
303.500
298.000
292.500
287.000
281.500
276.000
270.500
265.000
259.500
254.000
248.500
243.000
237.500
232.000
226.500
221.000
215.500
150.000
210.000
155.500
204.500
161.000
199.000
166.500
193.500
172.000
188.000
177.500
182.500
177.000
171.500
166.000
160.500
155.000
149.500
144.000
138.500
133.000
127.500
122.000
116.500
111.000
105.500
100.000
94.500
89.000
83.500
78.000
72.500
67.000
61.500
56.000
50.500
45.000
39.500
34.000
28.500
23.000
17.500
12.000
6.500
1.000
355.500
350.000
344.500
339.000
333.500
328.000
322.500
317.000
311.500
306.000
300.500
295.000
289.500
284.000
278.500
273.000
267.500
262.000
256.500
251.000
245.500
120.000
240.000
125.500
234.500
131.000
229.000
136.500
223.500
142.000
218.000
147.500
212.500
153.000
207.000
158.500
201.500
164.000
196.000
169.500
190.500
175.000
185.000
179.500
174.000
168.500
163.000
157.500
152.000
146.500
141.000
135.500
130.000
124.500
119.000
113.500
108.000
102.500
97.000
91.500
86.000
80.500
75.000
69.500
64.000
58.500
53.000
47.500
42.000
36.500
31.000
25.500
20.000
14.500
9.000
3.500
358.000
352.500
347.000
341.500
336.000
330.500
325.000
319.500
314.000
308.500
303.000
297.500
292.000
286.500
281.000
275.500
90.000
270.000
95.500
264.500
101.000
259.000
106.500
253.500
112.000
248.000
117.500
242.500
123.000
237.000
128.500
231.500
134.000
226.000
139.500
220.500
145.000
215.000
150.500
209.500
156.000
204.000
161.500
198.500
167.000
193.000
172.500
187.500
178.000
182.000
176.500
171.000
165.500
160.000
154.500
149.000
143.500
138.000
132.500
127.000
121.500
116.000
110.500
105.000
99.500
94.000
88.500
83.000
77.500
72.000
66.500
61.000
55.500
50.000
44.500
39.000
33.500
28.000
22.500
17.000
11.500
6.000
0.500
355.000
349.500
344.000
338.500
333.000
327.500
322.000
316.500
311.000
305.500
60.000
300.000
65.500
294.500
71.000
289.000
76.500
283.500
82.000
278.000
87.500
272.500
93.000
267.000
98.500
261.500
104.000
256.000
109.500
250.500
115.000
245.000
120.500
239.500
126.000
234.000
131.500
228.500
137.000
223.000
142.500
217.500
148.000
212.000
153.500
206.500
159.000
201.000
164.500
195.500
170.000
190.000
175.500
184.500
179.000
173.500
168.000
162.500
157.000
151.500
146.000
140.500
135.000
129.500
124.000
118.500
113.000
107.500
102.000
96.500
91.000
85.500
80.000
74.500
69.000
63.500
58.000
52.500
47.000
41.500
36.000
30.500
25.000
19.500
14.000
8.500
3.000
357.500
352.000
346.500
341.000
335.500
30.000
330.000
35.500
324.500
41.000
319.000
46.500
313.500
52.000
308.000
57.500
302.500
63.000
297.000
68.500
291.500
74.000
286.000
79.500
280.500
85.000
275.000
90.500
269.500
96.000
264.000
101.500
258.500
107.000
253.000
112.500
247.500
118.000
242.000
123.500
236.500
129.000
231.000
134.500
225.500
140.000
220.000
145.500
214.500
151.000
209.000
156.500
203.500
162.000
198.000
167.500
192.500
173.000
187.000
178.500
181.500
176.000
170.500
165.000
159.500
154.000
148.500
143.000
137.500
132.000
126.500
121.000
115.500
110.000
104.500
99.000
93.500
88.000
82.500
77.000
71.500
66.000
60.500
55.000
49.500
44.000
38.500
33.000
27.500
22.000
16.500
11.000
5.500
0.000
360.000
5.500
354.500
11.000
349.000
16.500
343.500
22.000
338.000
27.500
332.500
33.000
327.000
38.500
321.500
44.000
316.000
49.500
310.500
55.000
305.000
60.500
299.500
66.000
294.000
71.500
288.500
77.000
283.000
82.500
277.500
88.000
272.000
93.500
266.500
99.000
261.000
104.500
255.500
110.000
250.000
115.500
244.500
121.000
239.000
126.500
233.500
132.000
228.000
137.500
222.500
143.000
217.000
148.500
211.500
154.000
206.000
159.500
200.500
165.000
195.000
170.500
189.500
176.000
184.000
178.500
173.000
167.500
162.000
156.500
151.000
145.500
140.000
134.500
129.000
123.500
118.000
112.500
107.000
101.500
96.000
90.500
85.000
79.500
74.000
68.500
63.000
57.500
52.000
46.500
41.000
35.500
